Build started 20-09-17 05:16:54 PM.
     1>Project "D:\rnd\@recursion\src\src.vcxproj" on node 2 (Build target(s)).
     1>ClCompile:
         D:\visual studio\VC\bin\CL.exe /c /ZI /nologo /W3 /WX- /sdl /Od /Oy- /D WIN32 /D _DEBUG /D _CONSOLE /D _LIB /D _UNICODE /D UNICODE /Gm /EHsc /RTC1 /MDd /GS /fp:precise /Zc:wchar_t /Zc:forScope /Yc"stdafx.h" /Fp"Debug\src.pch" /Fo"Debug\\" /Fd"Debug\vc120.pdb" /Gd /TP /analyze- /errorReport:prompt stdafx.cpp
         stdafx.cpp
         D:\visual studio\VC\bin\CL.exe /c /ZI /nologo /W3 /WX- /sdl /Od /Oy- /D WIN32 /D _DEBUG /D _CONSOLE /D _LIB /D _UNICODE /D UNICODE /Gm /EHsc /RTC1 /MDd /GS /fp:precise /Zc:wchar_t /Zc:forScope /Fo"Debug\\" /Fd"Debug\vc120.pdb" /Gd /TP /analyze- /errorReport:prompt RopeStudents.cpp CountPairs.cpp MainRecursion.cpp Maze.cpp NSnipers.cpp Pillars.cpp Spiral.cpp Steps.cpp
         Steps.cpp
         Spiral.cpp
         Pillars.cpp
     1>d:\rnd\@recursion\src\pillars.cpp(149): warning C4101: 'count' : unreferenced local variable
     1>d:\rnd\@recursion\src\pillars.cpp(149): warning C4101: 'f' : unreferenced local variable
     1>d:\rnd\@recursion\src\pillars.cpp(149): warning C4101: 'e' : unreferenced local variable
     1>d:\rnd\@recursion\src\pillars.cpp(205): warning C4101: 'u' : unreferenced local variable
         NSnipers.cpp
         Maze.cpp
     1>d:\rnd\@recursion\src\maze.cpp(165): warning C4101: 'h' : unreferenced local variable
     1>d:\rnd\@recursion\src\maze.cpp(165): warning C4101: 'g' : unreferenced local variable
     1>d:\rnd\@recursion\src\maze.cpp(165): warning C4101: 'd' : unreferenced local variable
         MainRecursion.cpp
         CountPairs.cpp
     1>d:\rnd\@recursion\src\countpairs.cpp(55): warning C4101: 'j' : unreferenced local variable
         RopeStudents.cpp
         Generating Code...
       Link:
         D:\visual studio\VC\bin\link.exe /ERRORREPORT:PROMPT /OUT:"D:\rnd\@recursion\Debug\src.exe" /INCREMENTAL /NOLOGO kernel32.lib user32.lib gdi32.lib winspool.lib comdlg32.lib advapi32.lib shell32.lib ole32.lib oleaut32.lib uuid.lib odbc32.lib odbccp32.lib /MANIFEST /MANIFESTUAC:"level='asInvoker' uiAccess='false'" /manifest:embed /DEBUG /PDB:"D:\rnd\@recursion\Debug\src.pdb" /SUBSYSTEM:CONSOLE /TLBID:1 /DYNAMICBASE /NXCOMPAT /IMPLIB:"D:\rnd\@recursion\Debug\src.lib" /MACHINE:X86 Debug\RopeStudents.obj
         Debug\CountPairs.obj
         Debug\MainRecursion.obj
         Debug\Maze.obj
         Debug\NSnipers.obj
         Debug\Pillars.obj
         Debug\Spiral.obj
         Debug\stdafx.obj
         Debug\Steps.obj
         src.vcxproj -> D:\rnd\@recursion\Debug\src.exe
     1>Done Building Project "D:\rnd\@recursion\src\src.vcxproj" (Build target(s)).

Build succeeded.

Time Elapsed 00:00:03.67
