d:\rnd\project6\src\debug\vc120.pdb
d:\rnd\project6\src\debug\vc120.idb
d:\rnd\project6\src\debug\validemail.obj
d:\rnd\project6\src\debug\consonants_vowels.obj
d:\rnd\project6\src\debug\getfrequencyofword.obj
d:\rnd\project6\src\debug\getlastword.obj
d:\rnd\project6\src\debug\getsubstring.obj
d:\rnd\project6\src\debug\commonroute.obj
d:\rnd\project6\src\debug\binarystrop.obj
d:\rnd\project6\src\debug\strmatch.obj
d:\rnd\project6\debug\src.ilk
d:\rnd\project6\debug\src.exe
d:\rnd\project6\debug\src.pdb
d:\rnd\project6\src\debug\mainstrings2.obj
d:\rnd\project6\src\debug\src.tlog\cl.command.1.tlog
d:\rnd\project6\src\debug\src.tlog\cl.read.1.tlog
d:\rnd\project6\src\debug\src.tlog\cl.write.1.tlog
d:\rnd\project6\src\debug\src.tlog\link.command.1.tlog
d:\rnd\project6\src\debug\src.tlog\link.read.1.tlog
d:\rnd\project6\src\debug\src.tlog\link.write.1.tlog
