Build started 18-06-2017 13:15:50.
     1>Project "D:\rnd\project1\src\src.vcxproj" on node 2 (Build target(s)).
     1>ClCompile:
         D:\visual studio\VC\bin\CL.exe /c /ZI /nologo /W3 /WX- /Od /Oy- /D WIN32 /D _DEBUG /D _CONSOLE /D _LIB /D _UNICODE /D UNICODE /Gm /EHsc /RTC1 /MDd /GS /fp:precise /Zc:wchar_t /Zc:forScope /Fo"Debug\\" /Fd"Debug\vc120.pdb" /Gd /TP /analyze- /errorReport:prompt octalToHexadecimal.cpp
         octalToHexadecimal.cpp
       Link:
         D:\visual studio\VC\bin\link.exe /ERRORREPORT:PROMPT /OUT:"D:\rnd\project1\Debug\src.exe" /INCREMENTAL /NOLOGO kernel32.lib user32.lib gdi32.lib winspool.lib comdlg32.lib advapi32.lib shell32.lib ole32.lib oleaut32.lib uuid.lib odbc32.lib odbccp32.lib /MANIFEST /MANIFESTUAC:"level='asInvoker' uiAccess='false'" /manifest:embed /DEBUG /PDB:"D:\rnd\project1\Debug\src.pdb" /SUBSYSTEM:CONSOLE /TLBID:1 /DYNAMICBASE /NXCOMPAT /IMPLIB:"D:\rnd\project1\Debug\src.lib" /MACHINE:X86 Debug\count.obj
         Debug\countFactorials.obj
         Debug\countOnes.obj
         Debug\decimalToOctal.obj
         Debug\isOlder.obj
         Debug\isPerfect.obj
         Debug\MainBasics.obj
         Debug\nthNumber.obj
         Debug\octalToHexadecimal.obj
         Debug\swapBits.obj
         Debug\sum.obj
         Debug\swap.obj
         Debug\variableArguments.obj
         src.vcxproj -> D:\rnd\project1\Debug\src.exe
     1>Done Building Project "D:\rnd\project1\src\src.vcxproj" (Build target(s)).

Build succeeded.

Time Elapsed 00:00:02.18
